2025-08-10T09:42:52.328Z [OK] [EXCEL] [::1] [laptop accessories.xlsx] 
2025-08-10T09:46:28.322Z [OK] [IMAGE] [::1] [Screenshot (7).png] 
2025-08-10T09:47:19.516Z [OK] [TEXT] [::1] [text.pdf] 
2025-08-10T09:54:42.091Z [OK] [WORD] [::1] [mushtaq.docx] 
2025-08-10T11:01:33.766Z [OK] [EXCEL] [::1] [Book1.xlsx] 
2025-08-10T11:03:57.236Z [OK] [WORD] [::1] [Dark is a German sci.docx] 
2025-08-10T11:05:39.747Z [OK] [TEXT] [::1] [text.pdf] 
2025-08-10T11:05:55.235Z [OK] [WORD] [::1] [Dark is a German sci.docx] 
2025-08-10T11:35:26.775Z [OK] [IMAGE] [::1] [Screenshot 2024-10-01 010605.png] 
2025-08-10T11:39:44.888Z [OK] [EXCEL] [::1] [laptop accessories.xlsx] 
2025-08-10T11:57:49.540Z [OK] [TEXT] [::1] [7 Digital Marketing Skills That Wil.pdf] 
2025-08-10T12:06:54.011Z [OK] [TEXT] [::1] [text.pdf] 
2025-08-10T12:07:42.349Z [OK] [EXCEL] [::1] [laptop accessories.xlsx] 
2025-08-10T12:14:41.110Z [OK] [IMAGE] [::1] [Screenshot 2024-10-01 004131.png] 
2025-08-10T12:18:22.393Z [OK] [WORD] [::1] [Keyword Optimization.docx] 
2025-08-11T06:20:25.504Z [OK] [IMAGE] [::1] [Screenshot 2024-09-28 180932.png] 
2025-08-11T06:23:04.090Z [OK] [TEXT] [::1] [text.pdf] 
2025-08-11T07:19:55.083Z [FAIL] [WORD] [::1] [Hifzur Rahman.docx] Request failed with status code 400
2025-08-11T07:20:06.282Z [FAIL] [WORD] [::1] [Hifzur Rahman.docx] Request failed with status code 400
2025-08-11T07:20:40.565Z [FAIL] [WORD] [::1] [Dark is a German sci.docx] Request failed with status code 400
2025-08-11T11:21:18.698Z [FAIL] [WORD] [::1] [Keyword Optimization.docx] Request failed with status code 400
2025-08-11T11:23:57.575Z [OK] [TEXT] [::1] [Keyword Stats 2024-11-01 at 15_54_55.csv.pdf] 
2025-08-11T11:25:04.333Z [OK] [TEXT] [::1] [Keyword Stats 2024-11-01 at 15_54_55.csv.pdf] 
2025-08-11T11:25:32.088Z [OK] [TEXT] [::1] [Keyword Stats 2024-11-01 at 15_54_55.csv.pdf] 
2025-08-11T12:35:07.182Z [OK] [TEXT] [::1] [text.pdf] 
2025-08-11T12:35:24.476Z [OK] [TEXT] [::1] [text.pdf] 
2025-08-11T12:35:43.110Z [OK] [TEXT] [::1] [7 Digital Marketing Skills That Wil.pdf] 
2025-08-11T12:36:26.101Z [OK] [TEXT] [::1] [Keyword Stats 2024-11-01 at 15_54_55.csv.pdf] 
2025-08-11T12:38:17.839Z [OK] [TEXT] [::1] [Keyword Stats 2024-11-01 at 15_54_55.csv.pdf] 
2025-08-11T12:38:29.274Z [OK] [TEXT] [::1] [How Google Ranks Sites Now.pdf] 
2025-08-11T12:48:53.061Z [OK] [TEXT] [::1] [How Google Ranks Sites Now.pdf] 
2025-08-11T12:49:59.126Z [FAIL] [WORD] [::1] [zeestategy.docx] Request failed with status code 400
2025-08-11T12:54:07.235Z [OK] [EXCEL] [::1] [3 - Vlookup - IF Error Formula.xlsx] 
2025-08-11T13:16:39.709Z [OK] [WORD] [::1] [shir.docx] 
2025-08-11T13:17:26.908Z [OK] [WORD] [::1] [FRONT PAGE1.docx] 
2025-08-11T13:36:37.420Z [OK] [WORD] [::1] [Mohammad Ayan.docx] 
2025-08-11T13:48:20.897Z [OK] [WORD] [::1] [General Furniture Keywords.docx] 
2025-08-13T12:59:56.270Z [OK] [TEXT] [::1] [text.pdf] 
2025-08-13T13:00:20.761Z [OK] [EXCEL] [::1] [laptop accessories.xlsx] 
2025-08-13T13:02:15.476Z [OK] [WORD] [::1] [Keyword Optimization.docx] 
2025-08-13T13:06:19.676Z [OK] [WORD] [::1] [Hifzur Rahman res01.docx] 
2025-08-13T13:22:20.843Z [FAIL] [WORD] [::1] [Dark, end is beginning.docx] Invalid ConvertAPI response - missing download URL
2025-08-13T13:31:03.056Z [OK] [WORD] [::1] [Dark, end is beginning.docx] 
2025-08-13T13:33:48.859Z [OK] [TEXT] [::1] [text.pdf] 
2025-08-13T13:34:15.012Z [OK] [WORD] [::1] [Hifzur Rahman res01.docx] 
2025-08-13T13:35:21.163Z [OK] [IMAGE] [::1] [Screenshot (1).png] 
2025-08-13T14:06:32.962Z [OK] [TEXT] [::1] [text.pdf] 
2025-08-13T14:07:24.308Z [OK] [WORD] [::1] [zeestategy.docx] 
2025-08-13T14:52:50.617Z [OK] [EXCEL] [::1] [laptop accessories.xlsx] 
2025-08-13T14:53:19.943Z [OK] [EXCEL] [::1] [AMFAH-Q-0050-2025 AG Investment- 17-01-2025.xlsx] 
2025-08-13T14:53:51.139Z [OK] [WORD] [::1] [zeestategy.docx] 
2025-08-13T14:54:11.070Z [OK] [TEXT] [::1] [text.pdf] 
2025-08-13T15:44:49.694Z [OK] [EXCEL] [::1] [3 - Vlookup - IF Error Formula.xlsx] 
2025-08-13T16:03:37.615Z [OK] [WORD] [::1] [Dark, end is beginning.docx] 
2025-08-13T16:04:22.626Z [OK] [TEXT] [::1] [text.pdf] 
2025-08-13T16:43:01.607Z [OK] [IMAGE] [::1] [Screenshot 2024-09-22 234401.png] 
2025-08-13T16:44:00.127Z [OK] [IMAGE] [::1] [Screenshot 2025-02-20 210527.png] 
2025-08-13T16:45:11.027Z [OK] [IMAGE] [::1] [Screenshot 2025-02-20 210527.png] 
2025-08-13T16:49:11.063Z [OK] [IMAGE] [::1] [diana-parkhouse-Qf4eZXC3t2Y-unsplash.jpg] 
2025-08-13T16:50:17.467Z [OK] [IMAGE] [::1] [diana-parkhouse-Qf4eZXC3t2Y-unsplash.jpg] 
2025-08-13T16:50:50.794Z [OK] [IMAGE] [::1] [hammer-8415_256.gif] 
2025-08-13T16:54:30.185Z [FAIL] [EXCEL] [::1] [Hifzur Rahman.docx] Unsupported Excel document format
2025-08-13T17:14:24.799Z [OK] [IMAGE] [::1] [download.jpeg] 
2025-08-13T17:38:37.095Z [OK] [EXCEL] [::1] [amfmaf.xlsx] 
2025-08-13T17:46:42.217Z [OK] [IMAGE] [::1] [Screenshot 2024-09-22 234159.png] 
2025-08-13T17:53:35.456Z [OK] [WORD] [::1] [mushtaq.docx] 
2025-08-13T18:33:29.585Z [OK] [IMAGE] [::1] [download (2)ref (2) upsclr.jpg] 
2025-08-13T18:34:04.507Z [OK] [IMAGE] [::1] [Screenshot 2024-11-22 014023.png] 
2025-08-13T18:34:41.790Z [OK] [TEXT] [::1] [7 Digital Marketing Skills That Wil.pdf] 
2025-08-13T18:47:45.603Z [OK] [WORD] [::1] [General Furniture Keywords.docx] 
2025-08-13T18:48:21.842Z [OK] [WORD] [::1] [General Furniture Keywords.docx] 
2025-08-13T19:16:04.248Z [OK] [IMAGE] [::1] [Screenshot (7).png] 
2025-08-13T19:16:35.096Z [OK] [EXCEL] [::1] [Book123.xlsx] 
2025-08-13T19:18:00.681Z [OK] [IMAGE] [::1] [diana-parkhouse-Qf4eZXC3t2Y-unsplash.jpg] 
2025-08-13T19:49:21.511Z [OK] [TEXT] [::1] [text.pdf] 
2025-08-13T19:50:24.948Z [OK] [TEXT] [::1] [text.pdf] 
2025-08-13T19:50:30.695Z [OK] [TEXT] [::1] [text.pdf] 
2025-08-13T19:51:06.102Z [OK] [IMAGE] [::1] [Screenshot 2024-10-01 200335.png] 
2025-08-13T19:51:26.922Z [OK] [IMAGE] [::1] [Screenshot 2024-10-01 200335.png] 
2025-08-14T06:44:48.051Z [OK] [IMAGE] [::1] [Screenshot 2024-11-22 004207.png] 
2025-08-14T06:46:24.569Z [OK] [TEXT] [::1] [text.pdf] 
2025-08-14T15:38:34.640Z [OK] [IMAGE] [::1] [Screenshot (5).png] 
2025-08-14T15:39:01.946Z [OK] [TEXT] [::1] [text.pdf] 
2025-08-14T15:45:12.382Z [OK] [WORD] [::1] [2 Digdarsak Budget (23-24).docx] 
2025-08-15T10:28:16.673Z [OK] [TEXT] [::1] [text.pdf] 
2025-08-15T10:29:33.770Z [OK] [WORD] [::1] [mushtaq.docx] 
2025-08-15T10:30:37.672Z [OK] [IMAGE] [::1] [Screenshot (7).png] 
2025-08-15T12:28:57.034Z [FAIL] [IMAGE-TO-IMAGE] [::1] [Screenshot 2024-10-01 201006.png] ConvertAPI response missing FileData field
2025-08-15T12:29:07.441Z [FAIL] [IMAGE-TO-IMAGE] [::1] [Screenshot 2024-10-01 201006.png] Request failed with status code 400
2025-08-15T12:29:17.965Z [FAIL] [IMAGE-TO-IMAGE] [::1] [Screenshot 2024-10-01 201006.png] ConvertAPI response missing FileData field
2025-08-15T12:32:02.460Z [OK] [TEXT] [::1] [How Google Ranks Sites Now.pdf] 
2025-08-15T12:34:17.131Z [FAIL] [IMAGE-TO-IMAGE] [::1] [Screenshot 2024-10-01 201006.png] ConvertAPI response missing FileData field
2025-08-15T13:07:46.718Z [FAIL] [IMAGE-TO-IMAGE] [::1] [Screenshot 2024-10-01 201006.png] Request failed with status code 400
2025-08-15T13:16:07.333Z [FAIL] [IMAGE-TO-IMAGE] [::1] [Screenshot 2024-09-22 234401.png] ConvertAPI response missing both FileData and Url fields
2025-08-15T13:38:32.634Z [FAIL] [IMAGE-TO-IMAGE] [::1] [Screenshot 2024-09-22 234401.png] Request failed with status code 400
2025-08-15T13:48:44.440Z [FAIL] [IMAGE-TO-IMAGE] [::1] [Screenshot 2024-09-22 234401.png] ConvertAPI response missing both FileData and Url fields
2025-08-15T14:00:16.690Z [FAIL] [IMAGE-TO-IMAGE] [::1] [Screenshot 2024-09-22 234159.png] ConvertAPI response missing both FileData and Url fields
2025-08-15T14:22:57.772Z [OK] [IMAGE-TO-IMAGE] [::1] [Screenshot 2024-11-22 014023.png] 
2025-08-15T14:36:48.285Z [OK] [IMAGE-TO-IMAGE] [::1] [Nitro_Wallpaper_02_3840x2400.jpg] 
2025-08-15T14:41:36.108Z [OK] [IMAGE-TO-IMAGE] [::1] [Nitro_Wallpaper_01_3840x2400.jpg] 
2025-08-15T14:52:14.841Z [OK] [IMAGE-TO-IMAGE] [::1] [Screenshot (7).png] 
2025-08-15T15:02:30.263Z [FAIL] [IMAGE-TO-IMAGE] [::1] [Screenshot 2024-10-09 011936.png] Request failed with status code 400
2025-08-15T15:02:50.755Z [OK] [IMAGE-TO-IMAGE] [::1] [Screenshot (6).png] 
2025-08-15T15:13:18.001Z [OK] [IMAGE-TO-IMAGE] [::1] [Screenshot 2024-09-22 234159.png] 
2025-08-16T07:18:58.826Z [OK] [IMAGE-TO-IMAGE] [::1] [Screenshot 2024-10-01 201006.png] 
2025-08-16T07:19:41.128Z [OK] [IMAGE-TO-IMAGE] [::1] [Screenshot 2024-10-01 201006.png] 
2025-08-16T07:20:59.969Z [FAIL] [IMAGE-TO-IMAGE] [::1] [Screenshot 2024-10-01 201006.png] Request failed with status code 400
2025-08-16T07:21:25.566Z [OK] [IMAGE-TO-IMAGE] [::1] [Screenshot 2024-10-01 201006.png] 
2025-08-16T07:22:00.091Z [FAIL] [IMAGE-TO-IMAGE] [::1] [Screenshot 2024-10-01 201006.png] Request failed with status code 400
2025-08-16T07:22:19.386Z [FAIL] [IMAGE-TO-IMAGE] [::1] [Screenshot 2024-10-01 201006.png] Request failed with status code 400
2025-08-16T07:22:42.373Z [FAIL] [IMAGE-TO-IMAGE] [::1] [Screenshot 2024-10-01 201006.png] Request failed with status code 400
2025-08-16T07:22:51.425Z [FAIL] [IMAGE-TO-IMAGE] [::1] [Screenshot 2024-10-01 201006.png] Request failed with status code 400
2025-08-16T07:27:38.015Z [OK] [IMAGE-TO-IMAGE] [::1] [Screenshot 2024-10-01 201006,png.tiff] 
2025-08-16T07:44:22.295Z [OK] [IMAGE-TO-IMAGE] [::1] [Screenshot 2024-10-01 201006,png.webp] 
2025-08-19T07:19:44.751Z [OK] [EXCEL] [::1] [laptop accessories.xlsx] 
2025-08-22T13:30:17.217Z [OK] [IMAGE-TO-IMAGE] [::1] [3926b270b9d046ab83fcd8604d314702.png] 
2025-08-24T18:04:31.485Z [OK] [IMAGE-TO-IMAGE] [::1] [keagan-henman-XYtuOYfIg_M-unsplash.jpg] 
2025-09-04T14:22:35.070Z [OK] [WORD] [::1] [Reflection vs Refraction.docx] 
2025-10-11T12:25:11.367Z [FAIL] [IMAGE-TO-IMAGE] [::1] [download croped (1).png] Request failed with status code 401
2025-10-12T07:03:48.059Z [FAIL] [IMAGE-TO-IMAGE] [::1] [download croped_imgupscaler.ai_v1(Fast)_2K.jpg] Request failed with status code 401
2025-10-12T07:07:10.060Z [FAIL] [IMAGE-TO-IMAGE] [::1] [download croped.png] Request failed with status code 401
2025-10-12T07:09:04.868Z [FAIL] [IMAGE-TO-IMAGE] [::1] [download.jpg] Request failed with status code 401
2025-10-12T07:13:04.785Z [FAIL] [IMAGE-TO-IMAGE] [::1] [download croped_imgupscaler.ai_v1(Fast)_2K.jpg] Request failed with status code 401
2025-10-12T07:16:53.595Z [FAIL] [IMAGE-TO-IMAGE] [::1] [download.jpg] Request failed with status code 401
2025-10-12T08:06:02.671Z [OK] [IMAGE-TO-IMAGE] [::1] [download croped_imgupscaler.ai_v1(Fast)_2K.jpg] 
2025-10-12T08:06:55.444Z [OK] [TEXT] [::1] [text.pdf] 
